\BOOKMARK [0][-]{chapter.1}{\376\377\0001\000\040\000S\000y\000s\000t\000e\000m\000\040\000C\000a\000l\000l\000s\000\040\000C\000L\000I}{}% 1
\BOOKMARK [1][-]{section.1.1}{\376\377\0001\000.\0001\000\040\000F\000e\000a\000t\000u\000r\000e\000s}{chapter.1}% 2
\BOOKMARK [1][-]{section.1.2}{\376\377\0001\000.\0002\000\040\000C\000o\000m\000m\000a\000n\000d\000s}{chapter.1}% 3
\BOOKMARK [1][-]{section.1.3}{\376\377\0001\000.\0003\000\040\000U\000s\000a\000g\000e}{chapter.1}% 4
\BOOKMARK [2][-]{subsection.1.3.1}{\376\377\0001\000.\0003\000.\0001\000\040\000C\000r\000e\000a\000t\000i\000n\000g\000\040\000F\000i\000l\000e\000s}{section.1.3}% 5
\BOOKMARK [3][-]{subsubsection.1.3.1.1}{\376\377\0001\000.\0003\000.\0001\000.\0001\000\040\000E\000x\000a\000m\000p\000l\000e\000:\000\040\000C\000r\000e\000a\000t\000i\000n\000g\000\040\000a\000\040\000R\000e\000g\000u\000l\000a\000r\000\040\000F\000i\000l\000e}{subsection.1.3.1}% 6
\BOOKMARK [3][-]{subsubsection.1.3.1.2}{\376\377\0001\000.\0003\000.\0001\000.\0002\000\040\000E\000x\000a\000m\000p\000l\000e\000:\000\040\000C\000r\000e\000a\000t\000i\000n\000g\000\040\000a\000\040\000N\000a\000m\000e\000d\000\040\000P\000i\000p\000e}{subsection.1.3.1}% 7
\BOOKMARK [2][-]{subsection.1.3.2}{\376\377\0001\000.\0003\000.\0002\000\040\000R\000e\000a\000d\000i\000n\000g\000\040\000F\000i\000l\000e\000s}{section.1.3}% 8
\BOOKMARK [3][-]{subsubsection.1.3.2.1}{\376\377\0001\000.\0003\000.\0002\000.\0001\000\040\000E\000x\000a\000m\000p\000l\000e\000:\000\040\000R\000e\000a\000d\000i\000n\000g\000\040\000a\000\040\000F\000i\000l\000e}{subsection.1.3.2}% 9
\BOOKMARK [2][-]{subsection.1.3.3}{\376\377\0001\000.\0003\000.\0003\000\040\000W\000r\000i\000t\000i\000n\000g\000\040\000t\000o\000\040\000F\000i\000l\000e\000s}{section.1.3}% 10
\BOOKMARK [3][-]{subsubsection.1.3.3.1}{\376\377\0001\000.\0003\000.\0003\000.\0001\000\040\000E\000x\000a\000m\000p\000l\000e\000:\000\040\000W\000r\000i\000t\000i\000n\000g\000\040\000t\000o\000\040\000a\000\040\000F\000i\000l\000e}{subsection.1.3.3}% 11
\BOOKMARK [2][-]{subsection.1.3.4}{\376\377\0001\000.\0003\000.\0004\000\040\000C\000o\000p\000y\000i\000n\000g\000\040\000F\000i\000l\000e\000s}{section.1.3}% 12
\BOOKMARK [3][-]{subsubsection.1.3.4.1}{\376\377\0001\000.\0003\000.\0004\000.\0001\000\040\000E\000x\000a\000m\000p\000l\000e\000:\000\040\000C\000o\000p\000y\000i\000n\000g\000\040\000a\000\040\000F\000i\000l\000e}{subsection.1.3.4}% 13
\BOOKMARK [2][-]{subsection.1.3.5}{\376\377\0001\000.\0003\000.\0005\000\040\000F\000i\000l\000e\000\040\000I\000n\000f\000o\000r\000m\000a\000t\000i\000o\000n}{section.1.3}% 14
\BOOKMARK [3][-]{subsubsection.1.3.5.1}{\376\377\0001\000.\0003\000.\0005\000.\0001\000\040\000E\000x\000a\000m\000p\000l\000e\000:\000\040\000D\000i\000s\000p\000l\000a\000y\000i\000n\000g\000\040\000F\000i\000l\000e\000\040\000I\000n\000f\000o\000r\000m\000a\000t\000i\000o\000n\000\040\000\050\000R\000e\000g\000u\000l\000a\000r\000\040\000F\000i\000l\000e\000\051}{subsection.1.3.5}% 15
\BOOKMARK [3][-]{subsubsection.1.3.5.2}{\376\377\0001\000.\0003\000.\0005\000.\0002\000\040\000E\000x\000a\000m\000p\000l\000e\000:\000\040\000D\000i\000s\000p\000l\000a\000y\000i\000n\000g\000\040\000F\000i\000l\000e\000\040\000I\000n\000f\000o\000r\000m\000a\000t\000i\000o\000n\000\040\000\050\000S\000p\000e\000c\000i\000a\000l\000\040\000F\000i\000l\000e\000\051}{subsection.1.3.5}% 16
\BOOKMARK [2][-]{subsection.1.3.6}{\376\377\0001\000.\0003\000.\0006\000\040\000P\000i\000p\000e\000s}{section.1.3}% 17
\BOOKMARK [3][-]{subsubsection.1.3.6.1}{\376\377\0001\000.\0003\000.\0006\000.\0001\000\040\000U\000n\000n\000a\000m\000e\000d\000\040\000P\000i\000p\000e\000s}{subsection.1.3.6}% 18
\BOOKMARK [3][-]{subsubsection.1.3.6.2}{\376\377\0001\000.\0003\000.\0006\000.\0002\000\040\000N\000a\000m\000e\000d\000\040\000P\000i\000p\000e\000s}{subsection.1.3.6}% 19
\BOOKMARK [1][-]{section.1.4}{\376\377\0001\000.\0004\000\040\000A\000u\000t\000h\000o\000r}{chapter.1}% 20
\BOOKMARK [0][-]{chapter.2}{\376\377\0002\000\040\000F\000i\000l\000e\000\040\000I\000n\000d\000e\000x}{}% 21
\BOOKMARK [1][-]{section.2.1}{\376\377\0002\000.\0001\000\040\000F\000i\000l\000e\000\040\000L\000i\000s\000t}{chapter.2}% 22
\BOOKMARK [0][-]{chapter.3}{\376\377\0003\000\040\000F\000i\000l\000e\000\040\000D\000o\000c\000u\000m\000e\000n\000t\000a\000t\000i\000o\000n}{}% 23
\BOOKMARK [1][-]{section.3.1}{\376\377\0003\000.\0001\000\040\000c\000o\000p\000y\000\137\000f\000i\000l\000e\000.\000h\000\040\000F\000i\000l\000e\000\040\000R\000e\000f\000e\000r\000e\000n\000c\000e}{chapter.3}% 24
\BOOKMARK [2][-]{subsection.3.1.1}{\376\377\0003\000.\0001\000.\0001\000\040\000D\000e\000t\000a\000i\000l\000e\000d\000\040\000D\000e\000s\000c\000r\000i\000p\000t\000i\000o\000n}{section.3.1}% 25
\BOOKMARK [2][-]{subsection.3.1.2}{\376\377\0003\000.\0001\000.\0002\000\040\000F\000u\000n\000c\000t\000i\000o\000n\000\040\000D\000o\000c\000u\000m\000e\000n\000t\000a\000t\000i\000o\000n}{section.3.1}% 26
\BOOKMARK [3][-]{subsubsection.3.1.2.1}{\376\377\0003\000.\0001\000.\0002\000.\0001\000\040\000c\000o\000p\000y\000\137\000f\000i\000l\000e\000\050\000\051}{subsection.3.1.2}% 27
\BOOKMARK [1][-]{section.3.2}{\376\377\0003\000.\0002\000\040\000c\000o\000p\000y\000\137\000f\000i\000l\000e\000.\000h}{chapter.3}% 28
\BOOKMARK [1][-]{section.3.3}{\376\377\0003\000.\0003\000\040\000c\000r\000e\000a\000t\000e\000\137\000f\000i\000l\000e\000.\000h\000\040\000F\000i\000l\000e\000\040\000R\000e\000f\000e\000r\000e\000n\000c\000e}{chapter.3}% 29
\BOOKMARK [2][-]{subsection.3.3.1}{\376\377\0003\000.\0003\000.\0001\000\040\000D\000e\000t\000a\000i\000l\000e\000d\000\040\000D\000e\000s\000c\000r\000i\000p\000t\000i\000o\000n}{section.3.3}% 30
\BOOKMARK [2][-]{subsection.3.3.2}{\376\377\0003\000.\0003\000.\0002\000\040\000F\000u\000n\000c\000t\000i\000o\000n\000\040\000D\000o\000c\000u\000m\000e\000n\000t\000a\000t\000i\000o\000n}{section.3.3}% 31
\BOOKMARK [3][-]{subsubsection.3.3.2.1}{\376\377\0003\000.\0003\000.\0002\000.\0001\000\040\000c\000r\000e\000a\000t\000e\000\137\000f\000i\000l\000e\000\050\000\051}{subsection.3.3.2}% 32
\BOOKMARK [1][-]{section.3.4}{\376\377\0003\000.\0004\000\040\000c\000r\000e\000a\000t\000e\000\137\000f\000i\000l\000e\000.\000h}{chapter.3}% 33
\BOOKMARK [1][-]{section.3.5}{\376\377\0003\000.\0005\000\040\000h\000e\000l\000p\000e\000r\000s\000.\000h\000\040\000F\000i\000l\000e\000\040\000R\000e\000f\000e\000r\000e\000n\000c\000e}{chapter.3}% 34
\BOOKMARK [2][-]{subsection.3.5.1}{\376\377\0003\000.\0005\000.\0001\000\040\000D\000e\000t\000a\000i\000l\000e\000d\000\040\000D\000e\000s\000c\000r\000i\000p\000t\000i\000o\000n}{section.3.5}% 35
\BOOKMARK [2][-]{subsection.3.5.2}{\376\377\0003\000.\0005\000.\0002\000\040\000F\000u\000n\000c\000t\000i\000o\000n\000\040\000D\000o\000c\000u\000m\000e\000n\000t\000a\000t\000i\000o\000n}{section.3.5}% 36
\BOOKMARK [3][-]{subsubsection.3.5.2.1}{\376\377\0003\000.\0005\000.\0002\000.\0001\000\040\000f\000l\000u\000s\000h\000\137\000b\000u\000f\000f\000e\000r\000\050\000\051}{subsection.3.5.2}% 37
\BOOKMARK [3][-]{subsubsection.3.5.2.2}{\376\377\0003\000.\0005\000.\0002\000.\0002\000\040\000p\000a\000r\000s\000e\000\137\000c\000o\000m\000m\000a\000n\000d\000\050\000\051}{subsection.3.5.2}% 38
\BOOKMARK [3][-]{subsubsection.3.5.2.3}{\376\377\0003\000.\0005\000.\0002\000.\0003\000\040\000p\000a\000r\000s\000e\000\137\000p\000e\000r\000m\000s\000\050\000\051}{subsection.3.5.2}% 39
\BOOKMARK [1][-]{section.3.6}{\376\377\0003\000.\0006\000\040\000h\000e\000l\000p\000e\000r\000s\000.\000h}{chapter.3}% 40
\BOOKMARK [1][-]{section.3.7}{\376\377\0003\000.\0007\000\040\000n\000a\000m\000e\000d\000\137\000p\000i\000p\000e\000.\000h\000\040\000F\000i\000l\000e\000\040\000R\000e\000f\000e\000r\000e\000n\000c\000e}{chapter.3}% 41
\BOOKMARK [2][-]{subsection.3.7.1}{\376\377\0003\000.\0007\000.\0001\000\040\000D\000e\000t\000a\000i\000l\000e\000d\000\040\000D\000e\000s\000c\000r\000i\000p\000t\000i\000o\000n}{section.3.7}% 42
\BOOKMARK [2][-]{subsection.3.7.2}{\376\377\0003\000.\0007\000.\0002\000\040\000F\000u\000n\000c\000t\000i\000o\000n\000\040\000D\000o\000c\000u\000m\000e\000n\000t\000a\000t\000i\000o\000n}{section.3.7}% 43
\BOOKMARK [3][-]{subsubsection.3.7.2.1}{\376\377\0003\000.\0007\000.\0002\000.\0001\000\040\000n\000a\000m\000e\000d\000\137\000p\000i\000p\000e\000\050\000\051}{subsection.3.7.2}% 44
\BOOKMARK [1][-]{section.3.8}{\376\377\0003\000.\0008\000\040\000n\000a\000m\000e\000d\000\137\000p\000i\000p\000e\000.\000h}{chapter.3}% 45
\BOOKMARK [1][-]{section.3.9}{\376\377\0003\000.\0009\000\040\000r\000e\000a\000d\000\137\000f\000i\000l\000e\000.\000h\000\040\000F\000i\000l\000e\000\040\000R\000e\000f\000e\000r\000e\000n\000c\000e}{chapter.3}% 46
\BOOKMARK [2][-]{subsection.3.9.1}{\376\377\0003\000.\0009\000.\0001\000\040\000D\000e\000t\000a\000i\000l\000e\000d\000\040\000D\000e\000s\000c\000r\000i\000p\000t\000i\000o\000n}{section.3.9}% 47
\BOOKMARK [2][-]{subsection.3.9.2}{\376\377\0003\000.\0009\000.\0002\000\040\000F\000u\000n\000c\000t\000i\000o\000n\000\040\000D\000o\000c\000u\000m\000e\000n\000t\000a\000t\000i\000o\000n}{section.3.9}% 48
\BOOKMARK [3][-]{subsubsection.3.9.2.1}{\376\377\0003\000.\0009\000.\0002\000.\0001\000\040\000r\000e\000a\000d\000\137\000f\000i\000l\000e\000\050\000\051}{subsection.3.9.2}% 49
\BOOKMARK [1][-]{section.3.10}{\376\377\0003\000.\0001\0000\000\040\000r\000e\000a\000d\000\137\000f\000i\000l\000e\000.\000h}{chapter.3}% 50
\BOOKMARK [1][-]{section.3.11}{\376\377\0003\000.\0001\0001\000\040\000s\000t\000a\000t\000\137\000f\000i\000l\000e\000.\000h\000\040\000F\000i\000l\000e\000\040\000R\000e\000f\000e\000r\000e\000n\000c\000e}{chapter.3}% 51
\BOOKMARK [2][-]{subsection.3.11.1}{\376\377\0003\000.\0001\0001\000.\0001\000\040\000D\000e\000t\000a\000i\000l\000e\000d\000\040\000D\000e\000s\000c\000r\000i\000p\000t\000i\000o\000n}{section.3.11}% 52
\BOOKMARK [2][-]{subsection.3.11.2}{\376\377\0003\000.\0001\0001\000.\0002\000\040\000F\000u\000n\000c\000t\000i\000o\000n\000\040\000D\000o\000c\000u\000m\000e\000n\000t\000a\000t\000i\000o\000n}{section.3.11}% 53
\BOOKMARK [3][-]{subsubsection.3.11.2.1}{\376\377\0003\000.\0001\0001\000.\0002\000.\0001\000\040\000s\000t\000a\000t\000\137\000f\000i\000l\000e\000\050\000\051}{subsection.3.11.2}% 54
\BOOKMARK [1][-]{section.3.12}{\376\377\0003\000.\0001\0002\000\040\000s\000t\000a\000t\000\137\000f\000i\000l\000e\000.\000h}{chapter.3}% 55
\BOOKMARK [1][-]{section.3.13}{\376\377\0003\000.\0001\0003\000\040\000s\000y\000s\000c\000a\000l\000l\000s\000.\000h\000\040\000F\000i\000l\000e\000\040\000R\000e\000f\000e\000r\000e\000n\000c\000e}{chapter.3}% 56
\BOOKMARK [2][-]{subsection.3.13.1}{\376\377\0003\000.\0001\0003\000.\0001\000\040\000D\000e\000t\000a\000i\000l\000e\000d\000\040\000D\000e\000s\000c\000r\000i\000p\000t\000i\000o\000n}{section.3.13}% 57
\BOOKMARK [1][-]{section.3.14}{\376\377\0003\000.\0001\0004\000\040\000s\000y\000s\000c\000a\000l\000l\000s\000.\000h}{chapter.3}% 58
\BOOKMARK [1][-]{section.3.15}{\376\377\0003\000.\0001\0005\000\040\000u\000n\000n\000a\000m\000e\000d\000\137\000p\000i\000p\000e\000.\000h\000\040\000F\000i\000l\000e\000\040\000R\000e\000f\000e\000r\000e\000n\000c\000e}{chapter.3}% 59
\BOOKMARK [2][-]{subsection.3.15.1}{\376\377\0003\000.\0001\0005\000.\0001\000\040\000D\000e\000t\000a\000i\000l\000e\000d\000\040\000D\000e\000s\000c\000r\000i\000p\000t\000i\000o\000n}{section.3.15}% 60
\BOOKMARK [2][-]{subsection.3.15.2}{\376\377\0003\000.\0001\0005\000.\0002\000\040\000F\000u\000n\000c\000t\000i\000o\000n\000\040\000D\000o\000c\000u\000m\000e\000n\000t\000a\000t\000i\000o\000n}{section.3.15}% 61
\BOOKMARK [3][-]{subsubsection.3.15.2.1}{\376\377\0003\000.\0001\0005\000.\0002\000.\0001\000\040\000u\000n\000n\000a\000m\000e\000d\000\137\000p\000i\000p\000e\000\050\000\051}{subsection.3.15.2}% 62
\BOOKMARK [1][-]{section.3.16}{\376\377\0003\000.\0001\0006\000\040\000u\000n\000n\000a\000m\000e\000d\000\137\000p\000i\000p\000e\000.\000h}{chapter.3}% 63
\BOOKMARK [1][-]{section.3.17}{\376\377\0003\000.\0001\0007\000\040\000u\000s\000a\000g\000e\000.\000h\000\040\000F\000i\000l\000e\000\040\000R\000e\000f\000e\000r\000e\000n\000c\000e}{chapter.3}% 64
\BOOKMARK [2][-]{subsection.3.17.1}{\376\377\0003\000.\0001\0007\000.\0001\000\040\000D\000e\000t\000a\000i\000l\000e\000d\000\040\000D\000e\000s\000c\000r\000i\000p\000t\000i\000o\000n}{section.3.17}% 65
\BOOKMARK [2][-]{subsection.3.17.2}{\376\377\0003\000.\0001\0007\000.\0002\000\040\000F\000u\000n\000c\000t\000i\000o\000n\000\040\000D\000o\000c\000u\000m\000e\000n\000t\000a\000t\000i\000o\000n}{section.3.17}% 66
\BOOKMARK [3][-]{subsubsection.3.17.2.1}{\376\377\0003\000.\0001\0007\000.\0002\000.\0001\000\040\000p\000r\000i\000n\000t\000\137\000u\000s\000a\000g\000e\000\137\000c\000o\000m\000m\000a\000n\000d\000\050\000\051}{subsection.3.17.2}% 67
\BOOKMARK [1][-]{section.3.18}{\376\377\0003\000.\0001\0008\000\040\000u\000s\000a\000g\000e\000.\000h}{chapter.3}% 68
\BOOKMARK [1][-]{section.3.19}{\376\377\0003\000.\0001\0009\000\040\000w\000r\000i\000t\000e\000\137\000f\000i\000l\000e\000.\000h\000\040\000F\000i\000l\000e\000\040\000R\000e\000f\000e\000r\000e\000n\000c\000e}{chapter.3}% 69
\BOOKMARK [2][-]{subsection.3.19.1}{\376\377\0003\000.\0001\0009\000.\0001\000\040\000D\000e\000t\000a\000i\000l\000e\000d\000\040\000D\000e\000s\000c\000r\000i\000p\000t\000i\000o\000n}{section.3.19}% 70
\BOOKMARK [2][-]{subsection.3.19.2}{\376\377\0003\000.\0001\0009\000.\0002\000\040\000F\000u\000n\000c\000t\000i\000o\000n\000\040\000D\000o\000c\000u\000m\000e\000n\000t\000a\000t\000i\000o\000n}{section.3.19}% 71
\BOOKMARK [3][-]{subsubsection.3.19.2.1}{\376\377\0003\000.\0001\0009\000.\0002\000.\0001\000\040\000w\000r\000i\000t\000e\000\137\000f\000i\000l\000e\000\050\000\051}{subsection.3.19.2}% 72
\BOOKMARK [1][-]{section.3.20}{\376\377\0003\000.\0002\0000\000\040\000w\000r\000i\000t\000e\000\137\000f\000i\000l\000e\000.\000h}{chapter.3}% 73
\BOOKMARK [0][-]{section*.10}{\376\377\000I\000n\000d\000e\000x}{}% 74
